#
# There is insufficient memory for the Java Runtime Environment to continue.
# Native memory allocation (malloc) failed to allocate 1277040 bytes for Chunk::new
# Possible reasons:
#   The system is out of physical RAM or swap space
#   The process is running with CompressedOops enabled, and the Java Heap may be blocking the growth of the native heap
# Possible solutions:
#   Reduce memory load on the system
#   Increase physical memory or swap space
#   Check if swap backing store is full
#   Decrease Java heap size (-Xmx/-Xms)
#   Decrease number of Java threads
#   Decrease Java thread stack sizes (-Xss)
#   Set larger code cache with -XX:ReservedCodeCacheSize=
#   JVM is running with Unscaled Compressed Oops mode in which the Java heap is
#     placed in the first 4GB address space. The Java Heap base address is the
#     maximum limit for the native heap growth. Please use -XX:HeapBaseMinAddress
#     to set the Java Heap base and to place the Java Heap above 4GB virtual address.
# This output file may be truncated or incomplete.
#
#  Out of Memory Error (allocation.cpp:389), pid=2852, tid=0x0000000000001908
#
# JRE version: Java(TM) SE Runtime Environment (8.0_221-b11) (build 1.8.0_221-b11)
# Java VM: Java HotSpot(TM) 64-Bit Server VM (25.221-b11 mixed mode windows-amd64 compressed oops)
# Failed to write core dump. Minidumps are not enabled by default on client versions of Windows
#

---------------  T H R E A D  ---------------

Current thread (0x00000000134dc000):  JavaThread "C2 CompilerThread1" daemon [_thread_in_native, id=6408, stack(0x0000000014c20000,0x0000000014d20000)]

Stack: [0x0000000014c20000,0x0000000014d20000]
[error occurred during error reporting (printing stack bounds), id 0xc0000005]

Native frames: (J=compiled Java code, j=interpreted, Vv=VM code, C=native code)


Current CompileTask:
C2:4852085 6813   !   4       com.sun.beans.TypeResolver::resolve (274 bytes)


---------------  P R O C E S S  ---------------

Java Threads: ( => current thread )
  0x00000000160f9800 JavaThread "Cache worker for cache directory md-rule (C:\Users\MyPC\.gradle\caches\6.4.1\md-rule)" [_thread_blocked, id=4452, stack(0x0000000018f50000,0x0000000019050000)]
  0x00000000160fd000 JavaThread "Cache worker for cache directory md-supplier (C:\Users\MyPC\.gradle\caches\6.4.1\md-supplier)" [_thread_blocked, id=6040, stack(0x0000000018e50000,0x0000000018f50000)]
  0x00000000160f8000 JavaThread "Cache worker for checksums cache (D:\module_4\Project_Back_End\c0220h1_project\.gradle\checksums)" [_thread_blocked, id=8048, stack(0x0000000018d50000,0x0000000018e50000)]
  0x00000000160f6800 JavaThread "Cache worker for file hash cache (D:\module_4\Project_Back_End\c0220h1_project\.gradle\6.4.1\fileHashes)" [_thread_blocked, id=9320, stack(0x0000000018c50000,0x0000000018d50000)]
  0x00000000160fc800 JavaThread "Thread-37" [_thread_blocked, id=9864, stack(0x0000000018950000,0x0000000018a50000)]
  0x00000000160fa000 JavaThread "Stdin handler" [_thread_blocked, id=4196, stack(0x0000000018850000,0x0000000018950000)]
  0x00000000160f1800 JavaThread "Asynchronous log dispatcher for DefaultDaemonConnection: socket connection from /127.0.0.1:1689 to /127.0.0.1:6382" [_thread_blocked, id=6832, stack(0x0000000018470000,0x0000000018570000)]
  0x00000000160f0000 JavaThread "Daemon worker Thread 2" [_thread_in_native, id=9576, stack(0x0000000018370000,0x0000000018470000)]
  0x00000000160f4800 JavaThread "Cancel handler" [_thread_blocked, id=5908, stack(0x0000000015420000,0x0000000015520000)]
  0x00000000160f2800 JavaThread "Handler for socket connection from /127.0.0.1:1689 to /127.0.0.1:6382" [_thread_in_native, id=8260, stack(0x0000000001db0000,0x0000000001eb0000)]
  0x00000000160f3000 JavaThread "Daemon Thread 2" [_thread_blocked, id=9296, stack(0x0000000000460000,0x0000000000560000)]
  0x00000000160f8800 JavaThread "Memory manager" [_thread_blocked, id=3516, stack(0x000000001ead0000,0x000000001ebd0000)]
  0x0000000017376000 JavaThread "Cache worker for file content cache (C:\Users\MyPC\.gradle\caches\6.4.1\fileContent)" [_thread_blocked, id=6652, stack(0x000000001d9f0000,0x000000001daf0000)]
  0x0000000017375800 JavaThread "Cache worker for execution history cache (C:\Users\MyPC\.gradle\caches\6.4.1\executionHistory)" [_thread_blocked, id=6532, stack(0x000000001d2f0000,0x000000001d3f0000)]
  0x0000000017379000 JavaThread "File watcher consumer" daemon [_thread_blocked, id=5576, stack(0x000000001bd40000,0x000000001be40000)]
  0x000000001737b800 JavaThread "Cache worker for file hash cache (C:\Users\MyPC\.gradle\caches\6.4.1\fileHashes)" [_thread_blocked, id=3456, stack(0x0000000019650000,0x0000000019750000)]
  0x0000000017378800 JavaThread "File lock request listener" [_thread_in_native, id=4804, stack(0x0000000019550000,0x0000000019650000)]
  0x000000001737c000 JavaThread "Cache worker for journal cache (C:\Users\MyPC\.gradle\caches\journal-1)" [_thread_blocked, id=4824, stack(0x0000000019350000,0x0000000019450000)]
  0x000000001717e000 JavaThread "Daemon periodic checks" [_thread_blocked, id=4324, stack(0x0000000018750000,0x0000000018850000)]
  0x000000001717d000 JavaThread "Incoming local TCP Connector on port 1689" [_thread_in_native, id=5756, stack(0x0000000018570000,0x0000000018670000)]
  0x00000000170dd800 JavaThread "Daemon health stats" [_thread_blocked, id=7012, stack(0x0000000015520000,0x0000000015620000)]
  0x000000001352e000 JavaThread "Service Thread" daemon [_thread_blocked, id=6584, stack(0x0000000015220000,0x0000000015320000)]
  0x0000000013529000 JavaThread "C1 CompilerThread2" daemon [_thread_in_vm, id=6372, stack(0x0000000014d20000,0x0000000014e20000)]
=>0x00000000134dc000 JavaThread "C2 CompilerThread1" daemon [_thread_in_native, id=6408, stack(0x0000000014c20000,0x0000000014d20000)]
  0x00000000134d8800 JavaThread "C2 CompilerThread0" daemon [_thread_in_native, id=556, stack(0x0000000014b20000,0x0000000014c20000)]
  0x00000000134d6800 JavaThread "Attach Listener" daemon [_thread_blocked, id=5772, stack(0x0000000014a20000,0x0000000014b20000)]
  0x0000000013524000 JavaThread "Signal Dispatcher" daemon [_thread_blocked, id=3424, stack(0x0000000014920000,0x0000000014a20000)]
  0x00000000020ac000 JavaThread "Finalizer" daemon [_thread_blocked, id=7576, stack(0x0000000014740000,0x0000000014840000)]
  0x00000000134b9800 JavaThread "Reference Handler" daemon [_thread_blocked, id=1348, stack(0x0000000014640000,0x0000000014740000)]
  0x000000000060d800 JavaThread "main" [_thread_blocked, id=4772, stack(0x0000000001eb0000,0x0000000001fb0000)]

Other Threads:
  0x0000000013498000 VMThread [stack: 0x0000000014540000,0x0000000014640000] [id=6416]
  0x0000000014ec5800 WatcherThread [stack: 0x0000000015320000,0x0000000015420000] [id=4548]

VM state:not at safepoint (normal execution)

VM Mutex/Monitor currently owned by a thread: None

heap address: 0x00000000e0000000, size: 512 MB, Compressed Oops mode: 32-bit
Narrow klass base: 0x0000000000000000, Narrow klass shift: 3
Compressed class space size: 1073741824 Address: 0x0000000100000000

Heap:
 PSYoungGen      total 162816K, used 113206K [0x00000000f5580000, 0x0000000100000000, 0x0000000100000000)
  eden space 151040K, 67% used [0x00000000f5580000,0x00000000fb8917c8,0x00000000fe900000)
  from space 11776K, 99% used [0x00000000fe900000,0x00000000ff47c040,0x00000000ff480000)
  to   space 11776K, 0% used [0x00000000ff480000,0x00000000ff480000,0x0000000100000000)
 ParOldGen       total 175104K, used 17244K [0x00000000e0000000, 0x00000000eab00000, 0x00000000f5580000)
  object space 175104K, 9% used [0x00000000e0000000,0x00000000e10d7110,0x00000000eab00000)
 Metaspace       used 47397K, capacity 49858K, committed 49920K, reserved 1091584K
  class space    used 6644K, capacity 7161K, committed 7168K, reserved 1048576K

Card table byte_map: [0x0000000011470000,0x0000000011580000] byte_map_base: 0x0000000010d70000

Marking Bits: (ParMarkBitMap*) 0x0000000068ce5ce0
 Begin Bits: [0x0000000011a30000, 0x0000000012230000)
 End Bits:   [0x0000000012230000, 0x0000000012a30000)

Polling page: 0x00000000005d0000

CodeCache: size=245760Kb used=19982Kb max_used=19995Kb free=225777Kb
 bounds [0x00000000020b0000, 0x0000000003460000, 0x00000000110b0000]
 total_blobs=6680 nmethods=5949 adapters=642
 compilation: enabled

Compilation events (10 events):
Event: 4850.472 Thread 0x0000000013529000 6857       3       org.gradle.api.internal.DefaultDomainObjectCollection::doAdd (29 bytes)
Event: 4850.473 Thread 0x0000000013529000 nmethod 6857 0x00000000027b2c50 code [0x00000000027b2de0, 0x00000000027b3298]
Event: 4850.482 Thread 0x0000000013529000 6858       1       org.gradle.api.internal.artifacts.ivyservice.resolutionstrategy.DefaultResolutionStrategy::getConflictResolution (5 bytes)
Event: 4850.482 Thread 0x0000000013529000 nmethod 6858 0x000000000288a210 code [0x000000000288a360, 0x000000000288a470]
Event: 4850.488 Thread 0x0000000013529000 6859       3       org.gradle.internal.hash.HashCode::fromBytesNoCopy (9 bytes)
Event: 4850.488 Thread 0x0000000013529000 nmethod 6859 0x00000000026adb90 code [0x00000000026add00, 0x00000000026adf50]
Event: 4850.488 Thread 0x0000000013529000 6860       3       org.gradle.internal.hash.HashCode::<init> (10 bytes)
Event: 4850.488 Thread 0x0000000013529000 nmethod 6860 0x00000000025e4710 code [0x00000000025e4860, 0x00000000025e4a30]
Event: 4850.489 Thread 0x0000000013529000 6861       3       org.gradle.internal.component.local.model.DefaultLocalComponentMetadata$DefaultLocalConfigurationMetadata::include (12 bytes)
Event: 4850.489 Thread 0x0000000013529000 nmethod 6861 0x00000000026b8190 code [0x00000000026b8300, 0x00000000026b85c8]

GC Heap History (10 events):
Event: 8.041 GC heap before
{Heap before GC invocations=7 (full 1):
 PSYoungGen      total 76288K, used 74029K [0x00000000f5580000, 0x00000000fd580000, 0x0000000100000000)
  eden space 65536K, 100% used [0x00000000f5580000,0x00000000f9580000,0x00000000f9580000)
  from space 10752K, 78% used [0x00000000f9580000,0x00000000f9dcb730,0x00000000fa000000)
  to   space 12288K, 0% used [0x00000000fc980000,0x00000000fc980000,0x00000000fd580000)
 ParOldGen       total 175104K, used 6815K [0x00000000e0000000, 0x00000000eab00000, 0x00000000f5580000)
  object space 175104K, 3% used [0x00000000e0000000,0x00000000e06a7e08,0x00000000eab00000)
 Metaspace       used 33174K, capacity 34064K, committed 34304K, reserved 1079296K
  class space    used 4633K, capacity 4860K, committed 4864K, reserved 1048576K
Event: 8.056 GC heap after
Heap after GC invocations=7 (full 1):
 PSYoungGen      total 112640K, used 8906K [0x00000000f5580000, 0x00000000fd280000, 0x0000000100000000)
  eden space 103424K, 0% used [0x00000000f5580000,0x00000000f5580000,0x00000000fba80000)
  from space 9216K, 96% used [0x00000000fc980000,0x00000000fd232b88,0x00000000fd280000)
  to   space 11776K, 0% used [0x00000000fbb80000,0x00000000fbb80000,0x00000000fc700000)
 ParOldGen       total 175104K, used 6823K [0x00000000e0000000, 0x00000000eab00000, 0x00000000f5580000)
  object space 175104K, 3% used [0x00000000e0000000,0x00000000e06a9e08,0x00000000eab00000)
 Metaspace       used 33174K, capacity 34064K, committed 34304K, reserved 1079296K
  class space    used 4633K, capacity 4860K, committed 4864K, reserved 1048576K
}
Event: 8.383 GC heap before
{Heap before GC invocations=8 (full 1):
 PSYoungGen      total 112640K, used 35543K [0x00000000f5580000, 0x00000000fd280000, 0x0000000100000000)
  eden space 103424K, 25% used [0x00000000f5580000,0x00000000f6f83438,0x00000000fba80000)
  from space 9216K, 96% used [0x00000000fc980000,0x00000000fd232b88,0x00000000fd280000)
  to   space 11776K, 0% used [0x00000000fbb80000,0x00000000fbb80000,0x00000000fc700000)
 ParOldGen       total 175104K, used 6823K [0x00000000e0000000, 0x00000000eab00000, 0x00000000f5580000)
  object space 175104K, 3% used [0x00000000e0000000,0x00000000e06a9e08,0x00000000eab00000)
 Metaspace       used 34456K, capacity 35456K, committed 35496K, reserved 1079296K
  class space    used 4831K, capacity 5100K, committed 5120K, reserved 1048576K
Event: 8.396 GC heap after
Heap after GC invocations=8 (full 1):
 PSYoungGen      total 116224K, used 6997K [0x00000000f5580000, 0x0000000100000000, 0x0000000100000000)
  eden space 104448K, 0% used [0x00000000f5580000,0x00000000f5580000,0x00000000fbb80000)
  from space 11776K, 59% used [0x00000000fbb80000,0x00000000fc255500,0x00000000fc700000)
  to   space 11776K, 0% used [0x00000000ff480000,0x00000000ff480000,0x0000000100000000)
 ParOldGen       total 175104K, used 6831K [0x00000000e0000000, 0x00000000eab00000, 0x00000000f5580000)
  object space 175104K, 3% used [0x00000000e0000000,0x00000000e06abe08,0x00000000eab00000)
 Metaspace       used 34456K, capacity 35456K, committed 35496K, reserved 1079296K
  class space    used 4831K, capacity 5100K, committed 5120K, reserved 1048576K
}
Event: 8.396 GC heap before
{Heap before GC invocations=9 (full 2):
 PSYoungGen      total 116224K, used 6997K [0x00000000f5580000, 0x0000000100000000, 0x0000000100000000)
  eden space 104448K, 0% used [0x00000000f5580000,0x00000000f5580000,0x00000000fbb80000)
  from space 11776K, 59% used [0x00000000fbb80000,0x00000000fc255500,0x00000000fc700000)
  to   space 11776K, 0% used [0x00000000ff480000,0x00000000ff480000,0x0000000100000000)
 ParOldGen       total 175104K, used 6831K [0x00000000e0000000, 0x00000000eab00000, 0x00000000f5580000)
  object space 175104K, 3% used [0x00000000e0000000,0x00000000e06abe08,0x00000000eab00000)
 Metaspace       used 34456K, capacity 35456K, committed 35496K, reserved 1079296K
  class space    used 4831K, capacity 5100K, committed 5120K, reserved 1048576K
Event: 8.513 GC heap after
Heap after GC invocations=9 (full 2):
 PSYoungGen      total 116224K, used 0K [0x00000000f5580000, 0x0000000100000000, 0x0000000100000000)
  eden space 104448K, 0% used [0x00000000f5580000,0x00000000f5580000,0x00000000fbb80000)
  from space 11776K, 0% used [0x00000000fbb80000,0x00000000fbb80000,0x00000000fc700000)
  to   space 11776K, 0% used [0x00000000ff480000,0x00000000ff480000,0x0000000100000000)
 ParOldGen       total 175104K, used 13437K [0x00000000e0000000, 0x00000000eab00000, 0x00000000f5580000)
  object space 175104K, 7% used [0x00000000e0000000,0x00000000e0d1f768,0x00000000eab00000)
 Metaspace       used 34456K, capacity 35456K, committed 35496K, reserved 1079296K
  class space    used 4831K, capacity 5100K, committed 5120K, reserved 1048576K
}
Event: 10.980 GC heap before
{Heap before GC invocations=10 (full 2):
 PSYoungGen      total 116224K, used 104448K [0x00000000f5580000, 0x0000000100000000, 0x0000000100000000)
  eden space 104448K, 100% used [0x00000000f5580000,0x00000000fbb80000,0x00000000fbb80000)
  from space 11776K, 0% used [0x00000000fbb80000,0x00000000fbb80000,0x00000000fc700000)
  to   space 11776K, 0% used [0x00000000ff480000,0x00000000ff480000,0x0000000100000000)
 ParOldGen       total 175104K, used 13437K [0x00000000e0000000, 0x00000000eab00000, 0x00000000f5580000)
  object space 175104K, 7% used [0x00000000e0000000,0x00000000e0d1f768,0x00000000eab00000)
 Metaspace       used 39454K, capacity 41182K, committed 41472K, reserved 1085440K
  class space    used 5666K, capacity 6035K, committed 6144K, reserved 1048576K
Event: 11.004 GC heap after
Heap after GC invocations=10 (full 2):
 PSYoungGen      total 162816K, used 9254K [0x00000000f5580000, 0x0000000100000000, 0x0000000100000000)
  eden space 151040K, 0% used [0x00000000f5580000,0x00000000f5580000,0x00000000fe900000)
  from space 11776K, 78% used [0x00000000ff480000,0x00000000ffd89a38,0x0000000100000000)
  to   space 11776K, 0% used [0x00000000fe900000,0x00000000fe900000,0x00000000ff480000)
 ParOldGen       total 175104K, used 13445K [0x00000000e0000000, 0x00000000eab00000, 0x00000000f5580000)
  object space 175104K, 7% used [0x00000000e0000000,0x00000000e0d21768,0x00000000eab00000)
 Metaspace       used 39454K, capacity 41182K, committed 41472K, reserved 1085440K
  class space    used 5666K, capacity 6035K, committed 6144K, reserved 1048576K
}
Event: 15.480 GC heap before
{Heap before GC invocations=11 (full 2):
 PSYoungGen      total 162816K, used 160294K [0x00000000f5580000, 0x0000000100000000, 0x0000000100000000)
  eden space 151040K, 100% used [0x00000000f5580000,0x00000000fe900000,0x00000000fe900000)
  from space 11776K, 78% used [0x00000000ff480000,0x00000000ffd89a38,0x0000000100000000)
  to   space 11776K, 0% used [0x00000000fe900000,0x00000000fe900000,0x00000000ff480000)
 ParOldGen       total 175104K, used 13445K [0x00000000e0000000, 0x00000000eab00000, 0x00000000f5580000)
  object space 175104K, 7% used [0x00000000e0000000,0x00000000e0d21768,0x00000000eab00000)
 Metaspace       used 44453K, capacity 46536K, committed 46720K, reserved 1089536K
  class space    used 6286K, capacity 6727K, committed 6784K, reserved 1048576K
Event: 15.544 GC heap after
Heap after GC invocations=11 (full 2):
 PSYoungGen      total 162816K, used 11760K [0x00000000f5580000, 0x0000000100000000, 0x0000000100000000)
  eden space 151040K, 0% used [0x00000000f5580000,0x00000000f5580000,0x00000000fe900000)
  from space 11776K, 99% used [0x00000000fe900000,0x00000000ff47c040,0x00000000ff480000)
  to   space 11776K, 0% used [0x00000000ff480000,0x00000000ff480000,0x0000000100000000)
 ParOldGen       total 175104K, used 17244K [0x00000000e0000000, 0x00000000eab00000, 0x00000000f5580000)
  object space 175104K, 9% used [0x00000000e0000000,0x00000000e10d7110,0x00000000eab00000)
 Metaspace       used 44453K, capacity 46536K, committed 46720K, reserved 1089536K
  class space    used 6286K, capacity 6727K, committed 6784K, reserved 1048576K
}

Deoptimization events (10 events):
Event: 4849.977 Thread 0x00000000160f0000 Uncommon trap: reason=class_check action=maybe_recompile pc=0x0000000002978e80 method=org.codehaus.groovy.reflection.ParameterTypes.getParametersTypes0()V @ 16
Event: 4849.977 Thread 0x00000000160f0000 Uncommon trap: reason=class_check action=maybe_recompile pc=0x0000000002978e80 method=org.codehaus.groovy.reflection.ParameterTypes.getParametersTypes0()V @ 16
Event: 4850.087 Thread 0x00000000160f0000 Uncommon trap: reason=bimorphic action=maybe_recompile pc=0x0000000002c36004 method=java.util.Objects.equals(Ljava/lang/Object;Ljava/lang/Object;)Z @ 11
Event: 4850.088 Thread 0x00000000160f0000 Uncommon trap: reason=bimorphic action=maybe_recompile pc=0x0000000002c36004 method=java.util.Objects.equals(Ljava/lang/Object;Ljava/lang/Object;)Z @ 11
Event: 4850.113 Thread 0x00000000160f0000 Uncommon trap: reason=unstable_if action=reinterpret pc=0x0000000002d3b51c method=org.gradle.internal.dispatch.ProxyDispatchAdapter$DispatchingInvocationHandler.invoke(Ljava/lang/Object;Ljava/lang/reflect/Method;[Ljava/lang/Object;)Ljava/lang/Object; @ 9
Event: 4850.144 Thread 0x00000000160f0000 Uncommon trap: reason=bimorphic action=maybe_recompile pc=0x0000000002d11718 method=org.codehaus.groovy.runtime.metaclass.MetaMethodIndex.addMethodToList(Ljava/lang/Object;Lgroovy/lang/MetaMethod;)Ljava/lang/Object; @ 96
Event: 4850.145 Thread 0x00000000160f0000 Uncommon trap: reason=unstable_if action=reinterpret pc=0x0000000002d11640 method=org.codehaus.groovy.runtime.metaclass.MetaMethodIndex.isNonRealMethod(Lgroovy/lang/MetaMethod;)Z @ 4
Event: 4850.223 Thread 0x00000000160f0000 Uncommon trap: reason=unstable_if action=reinterpret pc=0x0000000002b056ac method=java.lang.ClassLoader.checkCerts(Ljava/lang/String;Ljava/security/CodeSource;)V @ 29
Event: 4850.405 Thread 0x00000000160f0000 Uncommon trap: reason=bimorphic action=maybe_recompile pc=0x0000000002c36004 method=java.util.Objects.equals(Ljava/lang/Object;Ljava/lang/Object;)Z @ 11
Event: 4850.405 Thread 0x00000000160f0000 Uncommon trap: reason=bimorphic action=maybe_recompile pc=0x0000000002c36004 method=java.util.Objects.equals(Ljava/lang/Object;Ljava/lang/Object;)Z @ 11

Classes redefined (0 events):
No events

Internal exceptions (10 events):
Event: 4850.218 Thread 0x00000000160f0000 Exception <a 'java/lang/ClassNotFoundException': org/codehaus/groovy/reflection/CachedFieldCustomizer> (0x00000000fb45a8d0) thrown at [C:\re\workspace\8-2-build-windows-amd64-cygwin\jdk8u221\13320\hotspot\src\share\vm\classfile\systemDictionary.cpp, line 
Event: 4850.223 Thread 0x00000000160f0000 Implicit null exception at 0x0000000002b04da4 to 0x0000000002b05691
Event: 4850.253 Thread 0x00000000160f0000 Exception <a 'java/lang/ClassNotFoundException': java/util/ArrayListBeanInfo> (0x00000000fb5809c0) thrown at [C:\re\workspace\8-2-build-windows-amd64-cygwin\jdk8u221\13320\hotspot\src\share\vm\classfile\systemDictionary.cpp, line 210]
Event: 4850.253 Thread 0x00000000160f0000 Exception <a 'java/lang/ClassNotFoundException': java/util/AbstractListBeanInfo> (0x00000000fb58aac8) thrown at [C:\re\workspace\8-2-build-windows-amd64-cygwin\jdk8u221\13320\hotspot\src\share\vm\classfile\systemDictionary.cpp, line 210]
Event: 4850.256 Thread 0x00000000160f0000 Exception <a 'java/lang/ClassNotFoundException': java/util/AbstractListCustomizer> (0x00000000fb595168) thrown at [C:\re\workspace\8-2-build-windows-amd64-cygwin\jdk8u221\13320\hotspot\src\share\vm\classfile\systemDictionary.cpp, line 210]
Event: 4850.263 Thread 0x00000000160f0000 Exception <a 'java/lang/ClassNotFoundException': java/util/ArrayListCustomizer> (0x00000000fb5ac720) thrown at [C:\re\workspace\8-2-build-windows-amd64-cygwin\jdk8u221\13320\hotspot\src\share\vm\classfile\systemDictionary.cpp, line 210]
Event: 4850.281 Thread 0x00000000160f0000 Exception <a 'java/lang/ClassNotFoundException': java/util/CollectionBeanInfo> (0x00000000fb632340) thrown at [C:\re\workspace\8-2-build-windows-amd64-cygwin\jdk8u221\13320\hotspot\src\share\vm\classfile\systemDictionary.cpp, line 210]
Event: 4850.312 Thread 0x00000000160f0000 Exception <a 'java/lang/ClassNotFoundException': java/util/CollectionCustomizer> (0x00000000fb63c3d8) thrown at [C:\re\workspace\8-2-build-windows-amd64-cygwin\jdk8u221\13320\hotspot\src\share\vm\classfile\systemDictionary.cpp, line 210]
Event: 4850.446 Thread 0x00000000160f0000 Exception <a 'java/lang/ClassNotFoundException': build_1fbqkrmavrx0pyysr9r8h44mqBeanInfo> (0x00000000fb7903d8) thrown at [C:\re\workspace\8-2-build-windows-amd64-cygwin\jdk8u221\13320\hotspot\src\share\vm\classfile\systemDictionary.cpp, line 210]
Event: 4850.452 Thread 0x00000000160f0000 Exception <a 'java/lang/ClassNotFoundException': build_1fbqkrmavrx0pyysr9r8h44mqCustomizer> (0x00000000fb79d060) thrown at [C:\re\workspace\8-2-build-windows-amd64-cygwin\jdk8u221\13320\hotspot\src\share\vm\classfile\systemDictionary.cpp, line 210]

Events (10 events):
Event: 4850.451 loading class build_1fbqkrmavrx0pyysr9r8h44mqCustomizer done
Event: 4850.452 loading class build_1fbqkrmavrx0pyysr9r8h44mqCustomizer
Event: 4850.452 loading class build_1fbqkrmavrx0pyysr9r8h44mqCustomizer done
Event: 4850.456 Thread 0x0000000013529000 flushing nmethod 0x0000000002e4a090
Event: 4850.462 loading class groovy/runtime/metaclass/build_1fbqkrmavrx0pyysr9r8h44mq$_run_closure1MetaClass
Event: 4850.462 loading class groovy/runtime/metaclass/build_1fbqkrmavrx0pyysr9r8h44mq$_run_closure1MetaClass done
Event: 4850.495 Executing VM operation: RevokeBias
Event: 4850.496 Executing VM operation: RevokeBias done
Event: 4850.514 Executing VM operation: RevokeBias
Event: 4850.514 Executing VM operation: RevokeBias done


Dynamic libraries:
0x00007ff6ab7b0000 - 0x00007ff6ab7e7000 	C:\Program Files\Java\jdk1.8.0_221\bin\java.exe
0x00007ffa649b0000 - 0x00007ffa64b72000 	C:\Windows\SYSTEM32\ntdll.dll
0x00007ffa641c0000 - 0x00007ffa6426d000 	C:\Windows\system32\KERNEL32.DLL
0x00007ffa61e90000 - 0x00007ffa6206d000 	C:\Windows\system32\KERNELBASE.dll
0x00007ffa643e0000 - 0x00007ffa64486000 	C:\Windows\system32\ADVAPI32.dll
0x00007ffa63c80000 - 0x00007ffa63d1d000 	C:\Windows\system32\msvcrt.dll
0x00007ffa63c20000 - 0x00007ffa63c7b000 	C:\Windows\system32\sechost.dll
0x00007ffa64270000 - 0x00007ffa64396000 	C:\Windows\system32\RPCRT4.dll
0x00007ffa64860000 - 0x00007ffa649ae000 	C:\Windows\system32\USER32.dll
0x00007ffa64490000 - 0x00007ffa64613000 	C:\Windows\system32\GDI32.dll
0x00007ffa4bd70000 - 0x00007ffa4bfe4000 	C:\Windows\WinSxS\amd64_microsoft.windows.common-controls_6595b64144ccf1df_6.0.10240.17184_none_f41d7a705752bce6\COMCTL32.dll
0x00007ffa643a0000 - 0x00007ffa643d6000 	C:\Windows\system32\IMM32.DLL
0x00007ffa64000000 - 0x00007ffa6415c000 	C:\Windows\system32\MSCTF.dll
0x0000000068d70000 - 0x0000000068e42000 	C:\Program Files\Java\jdk1.8.0_221\jre\bin\msvcr100.dll
0x00000000684c0000 - 0x0000000068d65000 	C:\Program Files\Java\jdk1.8.0_221\jre\bin\server\jvm.dll
0x00007ffa63ed0000 - 0x00007ffa63ed8000 	C:\Windows\system32\PSAPI.DLL
0x00007ffa57a40000 - 0x00007ffa57a49000 	C:\Windows\SYSTEM32\WSOCK32.dll
0x00007ffa63ee0000 - 0x00007ffa63f49000 	C:\Windows\system32\WS2_32.dll
0x00007ffa63bf0000 - 0x00007ffa63bf8000 	C:\Windows\system32\NSI.dll
0x00007ffa5f910000 - 0x00007ffa5f933000 	C:\Windows\SYSTEM32\WINMM.dll
0x00007ffa58090000 - 0x00007ffa5809a000 	C:\Windows\SYSTEM32\VERSION.dll
0x00007ffa5f870000 - 0x00007ffa5f89c000 	C:\Windows\SYSTEM32\WINMMBASE.dll
0x00007ffa61d30000 - 0x00007ffa61d74000 	C:\Windows\system32\cfgmgr32.dll
0x00007ffa5fd50000 - 0x00007ffa5fd77000 	C:\Windows\SYSTEM32\DEVOBJ.dll
0x00007ffa5faf0000 - 0x00007ffa5faff000 	C:\Program Files\Java\jdk1.8.0_221\jre\bin\verify.dll
0x00007ffa4c5f0000 - 0x00007ffa4c619000 	C:\Program Files\Java\jdk1.8.0_221\jre\bin\java.dll
0x00007ffa4bd50000 - 0x00007ffa4bd66000 	C:\Program Files\Java\jdk1.8.0_221\jre\bin\zip.dll
0x00007ffa62440000 - 0x00007ffa63963000 	C:\Windows\system32\SHELL32.dll
0x00007ffa61700000 - 0x00007ffa61d29000 	C:\Windows\system32\windows.storage.dll
0x00007ffa63970000 - 0x00007ffa63bec000 	C:\Windows\system32\combase.dll
0x00007ffa64620000 - 0x00007ffa64671000 	C:\Windows\system32\shlwapi.dll
0x00007ffa61460000 - 0x00007ffa6146f000 	C:\Windows\system32\kernel.appcore.dll
0x00007ffa61470000 - 0x00007ffa61523000 	C:\Windows\system32\shcore.dll
0x00007ffa613d0000 - 0x00007ffa6141a000 	C:\Windows\system32\powrprof.dll
0x00007ffa61420000 - 0x00007ffa61433000 	C:\Windows\system32\profapi.dll
0x00007ffa4bbb0000 - 0x00007ffa4bbca000 	C:\Program Files\Java\jdk1.8.0_221\jre\bin\net.dll
0x00007ffa584c0000 - 0x00007ffa58657000 	C:\Windows\SYSTEM32\urlmon.dll
0x00007ffa58140000 - 0x00007ffa584be000 	C:\Windows\SYSTEM32\iertutil.dll
0x00007ffa60df0000 - 0x00007ffa60dfb000 	C:\Windows\SYSTEM32\CRYPTBASE.dll
0x00007ffa61220000 - 0x00007ffa6128b000 	C:\Windows\SYSTEM32\bcryptPrimitives.dll
0x00007ffa60c40000 - 0x00007ffa60c9d000 	C:\Windows\system32\mswsock.dll
0x00007ffa4bb90000 - 0x00007ffa4bba2000 	C:\Program Files\Java\jdk1.8.0_221\jre\bin\nio.dll
0x00007ffa4c620000 - 0x00007ffa4c647000 	C:\Users\MyPC\.gradle\native\481b90ef2c2b5ab96622bab5346fdaaafe5c91895d4d4de1c4fe4b2e89a8011f\windows-amd64\native-platform.dll
0x00007ffa51ff0000 - 0x00007ffa51ffd000 	C:\Program Files\Java\jdk1.8.0_221\jre\bin\management.dll
0x00007ffa60ca0000 - 0x00007ffa60cb7000 	C:\Windows\SYSTEM32\CRYPTSP.dll
0x00007ffa60f10000 - 0x00007ffa60f38000 	C:\Windows\SYSTEM32\bcrypt.dll
0x00007ffa608f0000 - 0x00007ffa60923000 	C:\Windows\system32\rsaenh.dll
0x00007ffa609e0000 - 0x00007ffa609ff000 	C:\Windows\SYSTEM32\USERENV.dll
0x00007ffa5e190000 - 0x00007ffa5e1c8000 	C:\Windows\SYSTEM32\IPHLPAPI.DLL
0x00007ffa5e250000 - 0x00007ffa5e25b000 	C:\Windows\SYSTEM32\WINNSI.DLL
0x00007ffa5dbf0000 - 0x00007ffa5dc06000 	C:\Windows\SYSTEM32\dhcpcsvc6.DLL
0x00007ffa5e090000 - 0x00007ffa5e0aa000 	C:\Windows\SYSTEM32\dhcpcsvc.DLL

VM Arguments:
jvm_args: -XX:MaxMetaspaceSize=256m -XX:+HeapDumpOnOutOfMemoryError -Xms256m -Xmx512m -Dfile.encoding=windows-1258 -Duser.country=US -Duser.language=en -Duser.variant 
java_command: org.gradle.launcher.daemon.bootstrap.GradleDaemon 6.4.1
java_class_path (initial): C:\Users\MyPC\.gradle\wrapper\dists\gradle-6.4.1-bin\33549z180oh3o1s64iwo25l48\gradle-6.4.1\lib\gradle-launcher-6.4.1.jar
Launcher Type: SUN_STANDARD

Environment Variables:
PATH=C:\Windows\system32;C:\Windows;C:\Windows\System32\Wbem;C:\Windows\System32\WindowsPowerShell\v1.0\;C:\Program Files\Git\cmd;C:\Program Files\Java\jdk-14.0.1;C:\Program Files\nodejs\;C:\Users\MyPC\AppData\Local\Programs\Python\Python38-32\Scripts\;C:\Users\MyPC\AppData\Local\Programs\Python\Python38-32\;C:\Users\MyPC\AppData\Roaming\npm
USERNAME=MyPC
OS=Windows_NT
PROCESSOR_IDENTIFIER=Intel64 Family 6 Model 142 Stepping 9, GenuineIntel



---------------  S Y S T E M  ---------------

OS: Windows 10.0 , 64 bit Build 10240 (10.0.10240.17113)

CPU:total 4 (initial active 4) (2 cores per cpu, 2 threads per core) family 6 model 142 stepping 9, cmov, cx8, fxsr, mmx, sse, sse2, sse3, ssse3, sse4.1, sse4.2, popcnt, avx, avx2, aes, clmul, erms, 3dnowpref, lzcnt, ht, tsc, tscinvbit, bmi1, bmi2, adx

Memory: 4k page, physical 4072904k(96408k free), swap 7754112k(4176k free)

vm_info: Java HotSpot(TM) 64-Bit Server VM (25.221-b11) for windows-amd64 JRE (1.8.0_221-b11), built on Jul  4 2019 04:39:29 by "java_re" with MS VC++ 10.0 (VS2010)

time: Tue Sep 08 10:20:46 2020
timezone: SE Asia Standard Time
elapsed time: 4850 seconds (0d 1h 20m 50s)

